1. *** SENTIMENT SUMMARY ***|20210622_101724|MCK|27.970000000000002
2. *** SENTIMENT SUMMARY ***|20210622_101750|PFE|-9.28
3. *** SENTIMENT SUMMARY ***|20210622_101811|TMO|65.92
4. *** SENTIMENT SUMMARY ***|20210622_101836|LLY|-29.620000000000008
5. *** SENTIMENT SUMMARY ***|20210622_101902|VEEV|106.83
6. *** SENTIMENT SUMMARY ***|20210622_101927|ARGX|2.880000000000001
7. *** SENTIMENT SUMMARY ***|20210622_101948|MRK|-39.31
8. *** SENTIMENT SUMMARY ***|20210622_102011|MCO|58.36
9. *** SENTIMENT SUMMARY ***|20210622_102035|BIIB|-106.36999999999999
10. *** SENTIMENT SUMMARY ***|20210622_102055|DHR|134.93000000000004
11. *** SENTIMENT SUMMARY ***|20210622_102117|COUP|-85.69
12. *** SENTIMENT SUMMARY ***|20210622_102138|GILD|-63.199999999999996
14. *** SENTIMENT SUMMARY ***|20210622_102205|INCY|-28.299999999999997
15. *** SENTIMENT SUMMARY ***|20210622_102229|SRPT|39.17
16. *** SENTIMENT SUMMARY ***|20210622_102252|BDX|51.61999999999999
17. *** SENTIMENT SUMMARY ***|20210622_102317|ISRG|116.75
18. *** SENTIMENT SUMMARY ***|20210622_102339|WBA|-35.08
19. *** SENTIMENT SUMMARY ***|20210622_102402|BMY|-22.189999999999998
20. *** SENTIMENT SUMMARY ***|20210622_102427|IBM|135.56000000000003
21. *** SENTIMENT SUMMARY ***|20210622_102447|XOM|22.649999999999995
22. *** SENTIMENT SUMMARY ***|20210622_102512|GOOGL|-25.6
23. *** SENTIMENT SUMMARY ***|20210622_102533|CRM|56.95
24. *** SENTIMENT SUMMARY ***|20210622_102557|SYK|79.85000000000001
25. *** SENTIMENT SUMMARY ***|20210622_102620|BSX|66.95
26. *** SENTIMENT SUMMARY ***|20210622_102643|EW|18.92
27. *** SENTIMENT SUMMARY ***|20210622_102706|JNJ|-28.109999999999996
28. *** SENTIMENT SUMMARY ***|20210622_102709|GOOG|-25.6
29. *** SENTIMENT SUMMARY ***|20210622_102736|CI|17.06
30. *** SENTIMENT SUMMARY ***|20210622_102801|ILMN|45.16999999999999
31. *** SENTIMENT SUMMARY ***|20210622_102825|AMGN|-9.309999999999999
32. *** SENTIMENT SUMMARY ***|20210622_102858|FATE|-82.45000000000002
33. *** SENTIMENT SUMMARY ***|20210622_102926|VNDA|-19.07
34. *** SENTIMENT SUMMARY ***|20210622_102952|ALNY|-2.6300000000000026
35. *** SENTIMENT SUMMARY ***|20210622_103009|AZN|-121.99000000000002
36. *** SENTIMENT SUMMARY ***|20210622_103028|MSFT|50.989999999999995
37. *** SENTIMENT SUMMARY ***|20210622_103052|MRNA|-51.080000000000005
38. *** SENTIMENT SUMMARY ***|20210622_103119|HCA|14.650000000000002
39. *** SENTIMENT SUMMARY ***|20210622_103143|CVS|60.27999999999999
40. *** SENTIMENT SUMMARY ***|20210622_103204|NBIX|10.090000000000002
41. *** SENTIMENT SUMMARY ***|20210622_103223|OCGN|-59.17
42. *** SENTIMENT SUMMARY ***|20210622_103240|REGN|-148.29
43. *** SENTIMENT SUMMARY ***|20210622_103257|HUM|110.99999999999999
44. *** SENTIMENT SUMMARY ***|20210622_103312|UNH|84.77
45. *** SENTIMENT SUMMARY ***|20210622_103330|WMT|67.28999999999999
46. *** SENTIMENT SUMMARY ***|20210622_103356|APLS|-35.56
47. *** SENTIMENT SUMMARY ***|20210622_103417|AGIO|-34.01000000000001
48. *** SENTIMENT SUMMARY ***|20210622_103437|ANTM|48.58
49. *** SENTIMENT SUMMARY ***|20210622_103450|SNY|-140.48999999999998
50. *** SENTIMENT SUMMARY ***|20210622_103519|VRTX|17.700000000000003
51. *** SENTIMENT SUMMARY ***|20210622_103541|SAGE|-175.58999999999997
52. *** SENTIMENT SUMMARY ***|20210622_103557|ABC|47.570000000000014
53. *** SENTIMENT SUMMARY ***|20210622_103615|ABT|60.59999999999998
54. *** SENTIMENT SUMMARY ***|20210622_103631|ZTS|81.86
55. *** SENTIMENT SUMMARY ***|20210622_103647|ABBV|125.65999999999998
57. *** SENTIMENT SUMMARY ***|20210622_103709|AAPL|41.89
58. *** SENTIMENT SUMMARY ***|20210622_103721|AMZN|27.5
